<?xml version="1.0" encoding="UTF-8"?>
<testsuite xmlns:xsi="http://www.w3.org/2001/XMLSchema-instance" xsi:noNamespaceSchemaLocation="https://maven.apache.org/surefire/maven-surefire-plugin/xsd/surefire-test-report-3.0.xsd" version="3.0" name="es.upm.grise.prof.curso2025.integrador1.CuentaBancariaTest" time="1.797" tests="8" errors="0" skipped="0" failures="0">
  <properties>
[...]
</properties>
  <testcase name="addOperacionNullLanza" classname="es.upm.grise.prof.curso2025.integrador1.CuentaBancariaTest" time="0.067"/>
  <testcase name="operacionesDuplicadasLanzanExcepcion" classname="es.upm.grise.prof.curso2025.integrador1.CuentaBancariaTest" time="1.658">
    <system-err><![CDATA[WARNING: A Java agent has been loaded dynamically (C:\Users\UPM\.m2\repository\net\bytebuddy\byte-buddy-agent\1.14.15\byte-buddy-agent-1.14.15.jar)
WARNING: If a serviceability tool is in use, please run with -XX:+EnableDynamicAgentLoading to hide this warning
WARNING: If a serviceability tool is not in use, please run with -Djdk.instrument.traceUsage for more information
WARNING: Dynamic loading of agents will be disallowed by default in a future release
]]></system-err>
  </testcase>
  <testcase name="addOperacionValidaSeAñade" classname="es.upm.grise.prof.curso2025.integrador1.CuentaBancariaTest" time="0.006"/>
  <testcase name="getSaldoActualSumaYRedondea" classname="es.upm.grise.prof.curso2025.integrador1.CuentaBancariaTest" time="0.006"/>
  <testcase name="sinOperacionesSaldoEsInicial" classname="es.upm.grise.prof.curso2025.integrador1.CuentaBancariaTest" time="0.002"/>
  <testcase name="constructorInicializaListaVacia" classname="es.upm.grise.prof.curso2025.integrador1.CuentaBancariaTest" time="0.002"/>
  <testcase name="saldoNegativoPermitidoSiAdmiteDescubierto" classname="es.upm.grise.prof.curso2025.integrador1.CuentaBancariaTest" time="0.003"/>
  <testcase name="saldoNegativoNoPermitidoLanza" classname="es.upm.grise.prof.curso2025.integrador1.CuentaBancariaTest" time="0.002"/>
</testsuite>